In file included from ../src/bufferutil.cc:16:
In file included from ../node_modules/nan/nan.h:74:
../node_modules/nan/nan_new.h:28:56: warning: 'ToInteger' is deprecated: Use maybe version [-Wdeprecated-declarations]
To<v8::Integer>(v8::Handle<v8::Integer> i) { return i->ToInteger(); }
                                                       ^
/Users/marat/Library/Caches/node-gyp/11.12.0/include/node/v8.h:2550:10: note: 'ToInteger' has been explicitly marked deprecated here
  inline V8_DEPRECATED("Use maybe version",
         ^
/Users/marat/Library/Caches/node-gyp/11.12.0/include/node/v8config.h:326:29: note: expanded from macro 'V8_DEPRECATED'
  declarator __attribute__((deprecated(message)))
                            ^
In file included from ../src/bufferutil.cc:16:
In file included from ../node_modules/nan/nan.h:74:
../node_modules/nan/nan_new.h:33:56: error: no matching member function for call to 'ToInt32'
To<v8::Int32>(v8::Handle<v8::Integer> i)   { return i->ToInt32(); }
                                                    ~~~^~~~~~~
/Users/marat/Library/Caches/node-gyp/11.12.0/include/node/v8.h:2531:43: note: candidate function not viable: requires single argument 'context', but no arguments were provided
  V8_WARN_UNUSED_RESULT MaybeLocal<Int32> ToInt32(Local<Context> context) const;
                                          ^
/Users/marat/Library/Caches/node-gyp/11.12.0/include/node/v8.h:2544:30: note: candidate function not viable: requires single argument 'isolate', but no arguments were provided
                Local<Int32> ToInt32(Isolate* isolate) const);
                             ^
In file included from ../src/bufferutil.cc:16:
In file included from ../node_modules/nan/nan.h:74:
../node_modules/nan/nan_new.h:38:65: error: too few arguments to function call, single argument 'context' was not specified
To<v8::Uint32>(v8::Handle<v8::Integer> i)  { return i->ToUint32(); }
                                                    ~~~~~~~~~~~ ^
/Users/marat/Library/Caches/node-gyp/11.12.0/include/node/v8.h:2529:3: note: 'ToUint32' declared here
  V8_WARN_UNUSED_RESULT MaybeLocal<Uint32> ToUint32(
  ^
/Users/marat/Library/Caches/node-gyp/11.12.0/include/node/v8config.h:418:31: note: expanded from macro 'V8_WARN_UNUSED_RESULT'
#define V8_WARN_UNUSED_RESULT __attribute__((warn_unused_result))
                              ^
In file included from ../src/bufferutil.cc:16:
In file included from ../node_modules/nan/nan.h:74:
In file included from ../node_modules/nan/nan_new.h:181:
../node_modules/nan/nan_implementation_12_inl.h:48:38: error: too few arguments to function call, expected 2, have 1
  return v8::BooleanObject::New(value).As<v8::BooleanObject>();
         ~~~~~~~~~~~~~~~~~~~~~~      ^
/Users/marat/Library/Caches/node-gyp/11.12.0/include/node/v8.h:5224:3: note: 'New' declared here
  static Local<Value> New(Isolate* isolate, bool value);
  ^
In file included from ../src/bufferutil.cc:16:
In file included from ../node_modules/nan/nan.h:74:
In file included from ../node_modules/nan/nan_new.h:181:
../node_modules/nan/nan_implementation_12_inl.h:48:60: error: expected '(' for function-style cast or type construction
  return v8::BooleanObject::New(value).As<v8::BooleanObject>();
                                          ~~~~~~~~~~~~~~~~~^
../node_modules/nan/nan_implementation_12_inl.h:48:62: error: expected expression
  return v8::BooleanObject::New(value).As<v8::BooleanObject>();
                                                             ^
../node_modules/nan/nan_implementation_12_inl.h:55:20: warning: 'New' is deprecated: Use maybe version. [-Wdeprecated-declarations]
  return v8::Date::New(v8::Isolate::GetCurrent(), value).As<v8::Date>();
                   ^
/Users/marat/Library/Caches/node-gyp/11.12.0/include/node/v8.h:5157:10: note: 'New' has been explicitly marked deprecated here
  static V8_DEPRECATED("Use maybe version.",
         ^
/Users/marat/Library/Caches/node-gyp/11.12.0/include/node/v8config.h:326:29: note: expanded from macro 'V8_DEPRECATED'
  declarator __attribute__((deprecated(message)))
                            ^
In file included from ../src/bufferutil.cc:16:
In file included from ../node_modules/nan/nan.h:74:
In file included from ../node_modules/nan/nan_new.h:181:
../node_modules/nan/nan_implementation_12_inl.h:148:40: error: too few arguments to function call, expected 3, have 2
  return v8::RegExp::New(pattern, flags);
         ~~~~~~~~~~~~~~~               ^
/Users/marat/Library/Caches/node-gyp/11.12.0/include/node/v8.h:5298:3: note: 'New' declared here
  static V8_WARN_UNUSED_RESULT MaybeLocal<RegExp> New(Local<Context> context,
  ^
In file included from ../src/bufferutil.cc:16:
In file included from ../node_modules/nan/nan.h:74:
In file included from ../node_modules/nan/nan_new.h:181:
../node_modules/nan/nan_implementation_12_inl.h:156:10: error: no matching function for call to 'Compile'
  return v8::ScriptCompiler::Compile(v8::Isolate::GetCurrent(), &src);
         ^~~~~~~~~~~~~~~~~~~~~~~~~~~
/Users/marat/Library/Caches/node-gyp/11.12.0/include/node/v8.h:1610:51: note: candidate function not viable: no known conversion from 'v8::Isolate *' to 'Local<v8::Context>' for 1st argument
  static V8_WARN_UNUSED_RESULT MaybeLocal<Script> Compile(
                                                  ^
/Users/marat/Library/Caches/node-gyp/11.12.0/include/node/v8.h:1637:51: note: candidate function not viable: requires 4 arguments, but 2 were provided
  static V8_WARN_UNUSED_RESULT MaybeLocal<Script> Compile(
                                                  ^
In file included from ../src/bufferutil.cc:16:
In file included from ../node_modules/nan/nan.h:74:
In file included from ../node_modules/nan/nan_new.h:181:
../node_modules/nan/nan_implementation_12_inl.h:163:10: error: no matching function for call to 'Compile'
  return v8::ScriptCompiler::Compile(v8::Isolate::GetCurrent(), &src);
         ^~~~~~~~~~~~~~~~~~~~~~~~~~~
/Users/marat/Library/Caches/node-gyp/11.12.0/include/node/v8.h:1610:51: note: candidate function not viable: no known conversion from 'v8::Isolate *' to 'Local<v8::Context>' for 1st argument
  static V8_WARN_UNUSED_RESULT MaybeLocal<Script> Compile(
                                                  ^
/Users/marat/Library/Caches/node-gyp/11.12.0/include/node/v8.h:1637:51: note: candidate function not viable: requires 4 arguments, but 2 were provided
  static V8_WARN_UNUSED_RESULT MaybeLocal<Script> Compile(
                                                  ^
In file included from ../src/bufferutil.cc:16:
In file included from ../node_modules/nan/nan.h:74:
In file included from ../node_modules/nan/nan_new.h:181:
../node_modules/nan/nan_implementation_12_inl.h:172:66: error: too many arguments to function call, expected at most 2, have 4
  return v8::Signature::New(v8::Isolate::GetCurrent(), receiver, argc, argv);
         ~~~~~~~~~~~~~~~~~~                                      ^~~~~~~~~~
/Users/marat/Library/Caches/node-gyp/11.12.0/include/node/v8.h:6286:3: note: 'New' declared here
  static Local<Signature> New(
  ^
In file included from ../src/bufferutil.cc:16:
In file included from ../node_modules/nan/nan.h:74:
In file included from ../node_modules/nan/nan_new.h:181:
../node_modules/nan/nan_implementation_12_inl.h:198:9: error: cannot initialize a parameter of type 'v8::NewStringType' with an rvalue of type 'v8::String::NewStringType'
        v8::String::kNormalString, length);
        ^~~~~~~~~~~~~~~~~~~~~~~~~
/Users/marat/Library/Caches/node-gyp/11.12.0/include/node/v8.h:2898:64: note: passing argument to parameter 'type' here
      Isolate* isolate, const uint8_t* data, v8::NewStringType type,
                                                               ^
In file included from ../src/bufferutil.cc:16:
In file included from ../node_modules/nan/nan.h:74:
In file included from ../node_modules/nan/nan_new.h:181:
../node_modules/nan/nan_implementation_12_inl.h:209:61: error: cannot initialize a parameter of type 'v8::String::ExternalOneByteStringResource *' with an lvalue of type 'v8::String::ExternalStringResource *'
  return v8::String::NewExternal(v8::Isolate::GetCurrent(), value);
                                                            ^~~~~
/Users/marat/Library/Caches/node-gyp/11.12.0/include/node/v8.h:2957:64: note: passing argument to parameter 'resource' here
                                ExternalOneByteStringResource* resource));
                                                               ^
In file included from ../src/bufferutil.cc:16:
In file included from ../node_modules/nan/nan.h:74:
In file included from ../node_modules/nan/nan_new.h:181:
../node_modules/nan/nan_implementation_12_inl.h:221:28: warning: 'New' is deprecated: Use Isolate* version [-Wdeprecated-declarations]
  return v8::StringObject::New(value).As<v8::StringObject>();
                           ^
/Users/marat/Library/Caches/node-gyp/11.12.0/include/node/v8.h:5241:3: note: 'New' has been explicitly marked deprecated here
  V8_DEPRECATED("Use Isolate* version",
  ^
/Users/marat/Library/Caches/node-gyp/11.12.0/include/node/v8config.h:326:29: note: expanded from macro 'V8_DEPRECATED'
  declarator __attribute__((deprecated(message)))
                            ^
In file included from ../src/bufferutil.cc:16:
In file included from ../node_modules/nan/nan.h:74:
In file included from ../node_modules/nan/nan_new.h:181:
../node_modules/nan/nan_implementation_12_inl.h:229:30: error: no member named 'CompileUnbound' in 'v8::ScriptCompiler'
  return v8::ScriptCompiler::CompileUnbound(v8::Isolate::GetCurrent(), &src);
         ~~~~~~~~~~~~~~~~~~~~^
../node_modules/nan/nan_implementation_12_inl.h:236:30: error: no member named 'CompileUnbound' in 'v8::ScriptCompiler'
  return v8::ScriptCompiler::CompileUnbound(v8::Isolate::GetCurrent(), &src);
         ~~~~~~~~~~~~~~~~~~~~^
In file included from ../src/bufferutil.cc:16:
../node_modules/nan/nan.h:129:32: warning: 'BooleanValue' is deprecated: Use maybe version [-Wdeprecated-declarations]
      || optionsObj->Get(opt)->BooleanValue();
                               ^
/Users/marat/Library/Caches/node-gyp/11.12.0/include/node/v8.h:2568:3: note: 'BooleanValue' has been explicitly marked deprecated here
  V8_DEPRECATED("Use maybe version", bool BooleanValue() const);
  ^
/Users/marat/Library/Caches/node-gyp/11.12.0/include/node/v8config.h:326:29: note: expanded from macro 'V8_DEPRECATED'
  declarator __attribute__((deprecated(message)))
                            ^
In file included from ../src/bufferutil.cc:16:
../node_modules/nan/nan.h:133:32: warning: 'BooleanValue' is deprecated: Use maybe version [-Wdeprecated-declarations]
      && optionsObj->Get(opt)->BooleanValue();
                               ^
/Users/marat/Library/Caches/node-gyp/11.12.0/include/node/v8.h:2568:3: note: 'BooleanValue' has been explicitly marked deprecated here
  V8_DEPRECATED("Use maybe version", bool BooleanValue() const);
  ^
/Users/marat/Library/Caches/node-gyp/11.12.0/include/node/v8config.h:326:29: note: expanded from macro 'V8_DEPRECATED'
  declarator __attribute__((deprecated(message)))
                            ^
In file included from ../src/bufferutil.cc:16:
../node_modules/nan/nan.h:152:31: warning: 'Uint32Value' is deprecated: Use maybe version [-Wdeprecated-declarations]
      ? optionsObj->Get(opt)->Uint32Value()
                              ^
/Users/marat/Library/Caches/node-gyp/11.12.0/include/node/v8.h:2571:3: note: 'Uint32Value' has been explicitly marked deprecated here
  V8_DEPRECATED("Use maybe version", uint32_t Uint32Value() const);
  ^
/Users/marat/Library/Caches/node-gyp/11.12.0/include/node/v8config.h:326:29: note: expanded from macro 'V8_DEPRECATED'
  declarator __attribute__((deprecated(message)))
                            ^
In file included from ../src/bufferutil.cc:16:
../node_modules/nan/nan.h:165:25: error: redefinition of '_NanEnsureLocal'
NAN_INLINE v8::Local<T> _NanEnsureLocal(v8::Local<T> val) {
                        ^
../node_modules/nan/nan.h:160:25: note: previous definition is here
NAN_INLINE v8::Local<T> _NanEnsureLocal(v8::Handle<T> val) {
                        ^
../node_modules/nan/nan.h:253:12: error: no matching function for call to '_NanEnsureLocal'
    return NanEscapeScope(NanNew(v8::Undefined(v8::Isolate::GetCurrent())));
           ^~~~~~~~~~~~~~~~~~~~~~~~~~~~~~~~~~~~~~~~~~~~~~~~~~~~~~~~~~~~~~~~
../node_modules/nan/nan.h:239:43: note: expanded from macro 'NanEscapeScope'
# define NanEscapeScope(val) scope.Escape(_NanEnsureLocal(val))
                                          ^~~~~~~~~~~~~~~
../node_modules/nan/nan.h:165:25: note: candidate template ignored: substitution failure [with T = v8::Primitive]
NAN_INLINE v8::Local<T> _NanEnsureLocal(v8::Local<T> val) {
                        ^
../node_modules/nan/nan.h:258:12: error: no matching function for call to '_NanEnsureLocal'
    return NanEscapeScope(NanNew(v8::Null(v8::Isolate::GetCurrent())));
           ^~~~~~~~~~~~~~~~~~~~~~~~~~~~~~~~~~~~~~~~~~~~~~~~~~~~~~~~~~~
../node_modules/nan/nan.h:239:43: note: expanded from macro 'NanEscapeScope'
# define NanEscapeScope(val) scope.Escape(_NanEnsureLocal(val))
                                          ^~~~~~~~~~~~~~~
../node_modules/nan/nan.h:165:25: note: candidate template ignored: substitution failure [with T = v8::Primitive]
NAN_INLINE v8::Local<T> _NanEnsureLocal(v8::Local<T> val) {
                        ^
../node_modules/nan/nan.h:263:12: error: no matching function for call to '_NanEnsureLocal'
    return NanEscapeScope(NanNew(v8::True(v8::Isolate::GetCurrent())));
           ^~~~~~~~~~~~~~~~~~~~~~~~~~~~~~~~~~~~~~~~~~~~~~~~~~~~~~~~~~~
../node_modules/nan/nan.h:239:43: note: expanded from macro 'NanEscapeScope'
# define NanEscapeScope(val) scope.Escape(_NanEnsureLocal(val))
                                          ^~~~~~~~~~~~~~~
../node_modules/nan/nan.h:165:25: note: candidate template ignored: substitution failure [with T = v8::Boolean]
NAN_INLINE v8::Local<T> _NanEnsureLocal(v8::Local<T> val) {
                        ^
../node_modules/nan/nan.h:268:12: error: no matching function for call to '_NanEnsureLocal'
    return NanEscapeScope(NanNew(v8::False(v8::Isolate::GetCurrent())));
           ^~~~~~~~~~~~~~~~~~~~~~~~~~~~~~~~~~~~~~~~~~~~~~~~~~~~~~~~~~~~
../node_modules/nan/nan.h:239:43: note: expanded from macro 'NanEscapeScope'
# define NanEscapeScope(val) scope.Escape(_NanEnsureLocal(val))
                                          ^~~~~~~~~~~~~~~
../node_modules/nan/nan.h:165:25: note: candidate template ignored: substitution failure [with T = v8::Boolean]
NAN_INLINE v8::Local<T> _NanEnsureLocal(v8::Local<T> val) {
                        ^
../node_modules/nan/nan.h:312:20: error: no type named 'GCEpilogueCallback' in 'v8::Isolate'
      v8::Isolate::GCEpilogueCallback callback
      ~~~~~~~~~~~~~^
fatal error: too many errors emitted, stopping now [-ferror-limit=]
6 warnings and 20 errors generated.
make: *** [Release/obj.target/bufferutil/src/bufferutil.o] Error 1
gyp ERR! build error 
gyp ERR! stack Error: `make` failed with exit code: 2
gyp ERR! stack     at ChildProcess.onExit (/Users/marat/.nvm/versions/node/v11.12.0/lib/node_modules/npm/node_modules/node-gyp/lib/build.js:194:23)
gyp ERR! stack     at ChildProcess.emit (events.js:197:13)
gyp ERR! stack     at Process.ChildProcess._handle.onexit (internal/child_process.js:254:12)
gyp ERR! System Darwin 19.0.0
gyp ERR! command "/Users/marat/.nvm/versions/node/v11.12.0/bin/node" "/Users/marat/.nvm/versions/node/v11.12.0/lib/node_modules/npm/node_modules/node-gyp/bin/node-gyp.js" "rebuild"
gyp ERR! cwd /Users/marat/Projects/Web/MQTTBroker/node_modules/ws
gyp ERR! node -v v11.12.0
gyp ERR! node-gyp -v v5.0.5
gyp ERR! not ok 
